Using pre-set license

 COMMAND LINE ARGUMENTS:
/Applications/Unity/Hub/Editor/2020.2.1f1/Unity.app/Contents/MacOS/Unity
-adb2
-batchMode
-noUpm
-name
AssetImportWorker0
-projectPath
/Users/fm/ブロック崩し
-logFile
Logs/AssetImportWorker0.log
-srvPort
57037
Successfully changed project path to: /Users/fm/ブロック崩し
/Users/fm/ブロック崩し
Using Asset Import Pipeline V2.
Refreshing native plugins compatible for Editor in 20.85 ms, found 1 plugins.
Preloading 0 native plugins for Editor in 0.00 ms.
Initialize engine version: 2020.2.1f1 (270dd8c3da1c)
[Subsystems] Discovering subsystems at path /Applications/Unity/Hub/Editor/2020.2.1f1/Unity.app/Contents/Resources/UnitySubsystems
[Subsystems] Discovering subsystems at path /Users/fm/ブロック崩し/Assets
GfxDevice: creating device client; threaded=0
2020-12-25 09:31:04.297 Unity[31644:495780] Color LCD preferred device: Intel(R) Iris(TM) Plus Graphics (low power)
2020-12-25 09:31:04.297 Unity[31644:495780] Metal devices available: 1
2020-12-25 09:31:04.297 Unity[31644:495780] 0: Intel(R) Iris(TM) Plus Graphics (low power)
2020-12-25 09:31:04.297 Unity[31644:495780] Using device Intel(R) Iris(TM) Plus Graphics (low power)
Initializing Metal device caps: Intel(R) Iris(TM) Plus Graphics
Initialize mono
Mono path[0] = '/Applications/Unity/Hub/Editor/2020.2.1f1/Unity.app/Contents/Managed'
Mono path[1] = '/Applications/Unity/Hub/Editor/2020.2.1f1/Unity.app/Contents/MonoBleedingEdge/lib/mono/unityjit'
Mono config path = '/Applications/Unity/Hub/Editor/2020.2.1f1/Unity.app/Contents/MonoBleedingEdge/etc'
Using monoOptions --debugger-agent=transport=dt_socket,embedding=1,server=y,suspend=n,address=127.0.0.1:56644
Begin MonoManager ReloadAssembly
Registering precompiled unity dll's ...
Register platform support module: /Applications/Unity/Hub/Editor/2020.2.1f1/Unity.app/Contents/PlaybackEngines/MacStandaloneSupport/UnityEditor.OSXStandalone.Extensions.dll
Registered in 0.000491 seconds.
Native extension for OSXStandalone target not found
Refreshing native plugins compatible for Editor in 22.53 ms, found 1 plugins.
Preloading 0 native plugins for Editor in 0.00 ms.
Invoked RoslynAnalysisRunner static constructor.
RoslynAnalysisRunner will not be running.
RoslynAnalysisRunner has terminated.
Mono: successfully reloaded assembly
- Completed reload, in  1.258 seconds
Platform modules already initialized, skipping
Registering precompiled user dll's ...
Registered in 0.000388 seconds.
Begin MonoManager ReloadAssembly
Native extension for OSXStandalone target not found
Refreshing native plugins compatible for Editor in 0.22 ms, found 1 plugins.
Preloading 0 native plugins for Editor in 0.00 ms.
Invoked RoslynAnalysisRunner static constructor.
RoslynAnalysisRunner will not be running.
RoslynAnalysisRunner has terminated.
Mono: successfully reloaded assembly
- Completed reload, in  0.918 seconds
Platform modules already initialized, skipping
========================================================================
Worker process is ready to serve import requests
Launching external process: /Applications/Unity/Hub/Editor/2020.2.1f1/Unity.app/Contents/Tools/UnityShaderCompiler
Launched and connected shader compiler UnityShaderCompiler after 0.02 seconds
Refreshing native plugins compatible for Editor in 0.18 ms, found 1 plugins.
Preloading 0 native plugins for Editor in 0.00 ms.
Unloading 1094 Unused Serialized files (Serialized files now loaded: 0)
System memory in use before: 105.7 MB.
System memory in use after: 105.8 MB.

Unloading 10 unused Assets to reduce memory usage. Loaded Objects now: 1535.
Total: 2.449179 ms (FindLiveObjects: 0.212465 ms CreateObjectMapping: 0.061153 ms MarkObjects: 2.027867 ms  DeleteObjects: 0.146189 ms)

========================================================================
Received Import Request.
  path: Assets/Scenes/Block.mat
  artifactKey: Guid(dc8b471e6332742b49ec20f06066ff8d) Importer(815301076,1909f56bfc062723c751e8b465ee728b)
Start importing Assets/Scenes/Block.mat using Guid(dc8b471e6332742b49ec20f06066ff8d) Importer(815301076,1909f56bfc062723c751e8b465ee728b)  -> (artifact id: '0e522a3367ee44592a0b7da58c27149a') in 0.513500 seconds
  Import took 0.516997 seconds .

========================================================================
Received Import Request.
  Time since last request: 0.000204 seconds.
  path: Assets/Scenes/Player.mat
  artifactKey: Guid(841de4b684d3349bfa08a7c7107587e5) Importer(815301076,1909f56bfc062723c751e8b465ee728b)
Start importing Assets/Scenes/Player.mat using Guid(841de4b684d3349bfa08a7c7107587e5) Importer(815301076,1909f56bfc062723c751e8b465ee728b)  -> (artifact id: '906fe50efa9e1eb7f308afd5e7554f4a') in 0.009125 seconds
  Import took 0.011803 seconds .

========================================================================
Received Import Request.
  Time since last request: 21.202275 seconds.
  path: Assets/Scenes/SampleScene.unity
  artifactKey: Guid(9fc0d4010bbf28b4594072e72b8655ab) Importer(815301076,1909f56bfc062723c751e8b465ee728b)
Start importing Assets/Scenes/SampleScene.unity using Guid(9fc0d4010bbf28b4594072e72b8655ab) Importer(815301076,1909f56bfc062723c751e8b465ee728b)  -> (artifact id: '7ec97b4f648b1941adadc221e635a91d') in 0.001662 seconds
  Import took 0.004114 seconds .

========================================================================
Received Import Request.
  Time since last request: 0.001609 seconds.
  path: Assets/Scenes/SampleScene.unity
  artifactKey: Guid(9fc0d4010bbf28b4594072e72b8655ab) Importer(815301076,1909f56bfc062723c751e8b465ee728b)
Start importing Assets/Scenes/SampleScene.unity using Guid(9fc0d4010bbf28b4594072e72b8655ab) Importer(815301076,1909f56bfc062723c751e8b465ee728b)  -> (artifact id: '7ec97b4f648b1941adadc221e635a91d') in 0.001405 seconds
  Import took 0.004760 seconds .

========================================================================
Received Import Request.
  Time since last request: 665.610478 seconds.
  path: Assets/block hinagata.unity
  artifactKey: Guid(b5d0f1f2ec2cf4fd19e2d80386da6f3c) Importer(815301076,1909f56bfc062723c751e8b465ee728b)
Start importing Assets/block hinagata.unity using Guid(b5d0f1f2ec2cf4fd19e2d80386da6f3c) Importer(815301076,1909f56bfc062723c751e8b465ee728b)  -> (artifact id: '0e6cb2652545e9745e80b1d3659a5191') in 0.002633 seconds
  Import took 0.006252 seconds .

========================================================================
Received Prepare
Registering precompiled user dll's ...
Registered in 0.000750 seconds.
Begin MonoManager ReloadAssembly
Native extension for OSXStandalone target not found
Refreshing native plugins compatible for Editor in 0.18 ms, found 1 plugins.
Preloading 0 native plugins for Editor in 0.00 ms.
Invoked RoslynAnalysisRunner static constructor.
RoslynAnalysisRunner will not be running.
RoslynAnalysisRunner has terminated.
Mono: successfully reloaded assembly
- Completed reload, in  0.920 seconds
Platform modules already initialized, skipping
Refreshing native plugins compatible for Editor in 0.18 ms, found 1 plugins.
Preloading 0 native plugins for Editor in 0.00 ms.
Unloading 1089 Unused Serialized files (Serialized files now loaded: 0)
System memory in use before: 114.3 MB.
System memory in use after: 114.4 MB.

Unloading 5 unused Assets to reduce memory usage. Loaded Objects now: 1577.
Total: 1.625718 ms (FindLiveObjects: 0.200815 ms CreateObjectMapping: 0.051672 ms MarkObjects: 1.321640 ms  DeleteObjects: 0.049503 ms)

========================================================================
Received Prepare
Registering precompiled user dll's ...
Registered in 0.000650 seconds.
Begin MonoManager ReloadAssembly
Native extension for OSXStandalone target not found
Refreshing native plugins compatible for Editor in 0.18 ms, found 1 plugins.
Preloading 0 native plugins for Editor in 0.00 ms.
Invoked RoslynAnalysisRunner static constructor.
RoslynAnalysisRunner will not be running.
RoslynAnalysisRunner has terminated.
Mono: successfully reloaded assembly
- Completed reload, in  0.943 seconds
Platform modules already initialized, skipping
Refreshing native plugins compatible for Editor in 0.22 ms, found 1 plugins.
Preloading 0 native plugins for Editor in 0.00 ms.
Unloading 1089 Unused Serialized files (Serialized files now loaded: 0)
System memory in use before: 114.6 MB.
System memory in use after: 114.7 MB.

Unloading 5 unused Assets to reduce memory usage. Loaded Objects now: 1579.
Total: 1.498235 ms (FindLiveObjects: 0.169495 ms CreateObjectMapping: 0.044966 ms MarkObjects: 1.230129 ms  DeleteObjects: 0.052269 ms)

========================================================================
Received Import Request.
  Time since last request: 283.741856 seconds.
  path: Assets/Scenes/Ball.physicMaterial
  artifactKey: Guid(d6cfd8a3b75ff448ebdc79e2d5f9ab65) Importer(815301076,1909f56bfc062723c751e8b465ee728b)
Start importing Assets/Scenes/Ball.physicMaterial using Guid(d6cfd8a3b75ff448ebdc79e2d5f9ab65) Importer(815301076,1909f56bfc062723c751e8b465ee728b)  -> (artifact id: '0b7827895f57dd0b9569513947ae77ba') in 0.169648 seconds
  Import took 0.172089 seconds .

========================================================================
Received Prepare
Registering precompiled user dll's ...
Registered in 0.000498 seconds.
Begin MonoManager ReloadAssembly
Native extension for OSXStandalone target not found
Refreshing native plugins compatible for Editor in 0.22 ms, found 1 plugins.
Preloading 0 native plugins for Editor in 0.00 ms.
Invoked RoslynAnalysisRunner static constructor.
RoslynAnalysisRunner will not be running.
RoslynAnalysisRunner has terminated.
Mono: successfully reloaded assembly
- Completed reload, in  0.855 seconds
Platform modules already initialized, skipping
Refreshing native plugins compatible for Editor in 0.20 ms, found 1 plugins.
Preloading 0 native plugins for Editor in 0.00 ms.
Unloading 1089 Unused Serialized files (Serialized files now loaded: 0)
System memory in use before: 119.2 MB.
System memory in use after: 119.2 MB.

Unloading 5 unused Assets to reduce memory usage. Loaded Objects now: 1581.
Total: 1.783904 ms (FindLiveObjects: 0.254737 ms CreateObjectMapping: 0.049030 ms MarkObjects: 1.423369 ms  DeleteObjects: 0.054964 ms)

========================================================================
Received Prepare
Registering precompiled user dll's ...
Registered in 0.000444 seconds.
Begin MonoManager ReloadAssembly
Native extension for OSXStandalone target not found
Refreshing native plugins compatible for Editor in 0.40 ms, found 1 plugins.
Preloading 0 native plugins for Editor in 0.00 ms.
Invoked RoslynAnalysisRunner static constructor.
RoslynAnalysisRunner will not be running.
RoslynAnalysisRunner has terminated.
Mono: successfully reloaded assembly
- Completed reload, in  1.142 seconds
Platform modules already initialized, skipping
Refreshing native plugins compatible for Editor in 0.20 ms, found 1 plugins.
Preloading 0 native plugins for Editor in 0.00 ms.
Unloading 1089 Unused Serialized files (Serialized files now loaded: 0)
System memory in use before: 119.5 MB.
System memory in use after: 119.6 MB.

Unloading 5 unused Assets to reduce memory usage. Loaded Objects now: 1583.
Total: 1.371635 ms (FindLiveObjects: 0.124731 ms CreateObjectMapping: 0.032857 ms MarkObjects: 1.164418 ms  DeleteObjects: 0.047472 ms)

========================================================================
Received Prepare
Registering precompiled user dll's ...
Registered in 0.000390 seconds.
Begin MonoManager ReloadAssembly
Native extension for OSXStandalone target not found
Refreshing native plugins compatible for Editor in 0.21 ms, found 1 plugins.
Preloading 0 native plugins for Editor in 0.00 ms.
Invoked RoslynAnalysisRunner static constructor.
RoslynAnalysisRunner will not be running.
RoslynAnalysisRunner has terminated.
Mono: successfully reloaded assembly
- Completed reload, in  0.892 seconds
Platform modules already initialized, skipping
Refreshing native plugins compatible for Editor in 0.18 ms, found 1 plugins.
Preloading 0 native plugins for Editor in 0.00 ms.
Unloading 1089 Unused Serialized files (Serialized files now loaded: 0)
System memory in use before: 119.8 MB.
System memory in use after: 119.8 MB.

Unloading 5 unused Assets to reduce memory usage. Loaded Objects now: 1585.
Total: 1.391769 ms (FindLiveObjects: 0.250176 ms CreateObjectMapping: 0.025273 ms MarkObjects: 1.069495 ms  DeleteObjects: 0.045100 ms)

========================================================================
Received Import Request.
  Time since last request: 745.032080 seconds.
  path: Assets/NewBehaviourScript.cs
  artifactKey: Guid(d68a4632b46fd4bf0aab8f8c1a9aee42) Importer(815301076,1909f56bfc062723c751e8b465ee728b)
Start importing Assets/NewBehaviourScript.cs using Guid(d68a4632b46fd4bf0aab8f8c1a9aee42) Importer(815301076,1909f56bfc062723c751e8b465ee728b)  -> (artifact id: 'f45ae2d14fd9a2a7b2f73eed1c3ce90d') in 0.411032 seconds
  Import took 0.413779 seconds .

========================================================================
Received Prepare
Registering precompiled user dll's ...
Registered in 0.000406 seconds.
Begin MonoManager ReloadAssembly
Native extension for OSXStandalone target not found
Refreshing native plugins compatible for Editor in 0.22 ms, found 1 plugins.
Preloading 0 native plugins for Editor in 0.00 ms.
Invoked RoslynAnalysisRunner static constructor.
RoslynAnalysisRunner will not be running.
RoslynAnalysisRunner has terminated.
Mono: successfully reloaded assembly
- Completed reload, in  0.892 seconds
Platform modules already initialized, skipping
Refreshing native plugins compatible for Editor in 0.18 ms, found 1 plugins.
Preloading 0 native plugins for Editor in 0.00 ms.
Unloading 1090 Unused Serialized files (Serialized files now loaded: 0)
System memory in use before: 124.6 MB.
System memory in use after: 124.6 MB.

Unloading 5 unused Assets to reduce memory usage. Loaded Objects now: 1588.
Total: 1.834138 ms (FindLiveObjects: 0.239458 ms CreateObjectMapping: 0.059149 ms MarkObjects: 1.466696 ms  DeleteObjects: 0.067196 ms)

========================================================================
Received Import Request.
  Time since last request: 31.756793 seconds.
  path: Assets/Player.cs
  artifactKey: Guid(d68a4632b46fd4bf0aab8f8c1a9aee42) Importer(815301076,1909f56bfc062723c751e8b465ee728b)
Start importing Assets/Player.cs using Guid(d68a4632b46fd4bf0aab8f8c1a9aee42) Importer(815301076,1909f56bfc062723c751e8b465ee728b)  -> (artifact id: '8c05db620262fa30b6504f4f23188c56') in 0.008009 seconds
  Import took 0.010684 seconds .

========================================================================
Received Prepare
Registering precompiled user dll's ...
Registered in 0.000404 seconds.
Begin MonoManager ReloadAssembly
Native extension for OSXStandalone target not found
Refreshing native plugins compatible for Editor in 0.21 ms, found 1 plugins.
Preloading 0 native plugins for Editor in 0.00 ms.
Invoked RoslynAnalysisRunner static constructor.
RoslynAnalysisRunner will not be running.
RoslynAnalysisRunner has terminated.
Mono: successfully reloaded assembly
- Completed reload, in  0.877 seconds
Platform modules already initialized, skipping
Refreshing native plugins compatible for Editor in 0.19 ms, found 1 plugins.
Preloading 0 native plugins for Editor in 0.00 ms.
Unloading 1090 Unused Serialized files (Serialized files now loaded: 0)
System memory in use before: 124.9 MB.
System memory in use after: 125.0 MB.

Unloading 5 unused Assets to reduce memory usage. Loaded Objects now: 1590.
Total: 1.826854 ms (FindLiveObjects: 0.254407 ms CreateObjectMapping: 0.059629 ms MarkObjects: 1.444158 ms  DeleteObjects: 0.053539 ms)

========================================================================
Received Import Request.
  Time since last request: 33.566268 seconds.
  path: Assets/PlayerManager.cs
  artifactKey: Guid(d68a4632b46fd4bf0aab8f8c1a9aee42) Importer(815301076,1909f56bfc062723c751e8b465ee728b)
Start importing Assets/PlayerManager.cs using Guid(d68a4632b46fd4bf0aab8f8c1a9aee42) Importer(815301076,1909f56bfc062723c751e8b465ee728b)  -> (artifact id: '74935a460f94048255c059bc525d5a38') in 0.007133 seconds
  Import took 0.009287 seconds .

========================================================================
Received Prepare
Registering precompiled user dll's ...
Registered in 0.000415 seconds.
Begin MonoManager ReloadAssembly
Native extension for OSXStandalone target not found
Refreshing native plugins compatible for Editor in 0.23 ms, found 1 plugins.
Preloading 0 native plugins for Editor in 0.00 ms.
Invoked RoslynAnalysisRunner static constructor.
RoslynAnalysisRunner will not be running.
RoslynAnalysisRunner has terminated.
Mono: successfully reloaded assembly
- Completed reload, in  0.937 seconds
Platform modules already initialized, skipping
Refreshing native plugins compatible for Editor in 0.18 ms, found 1 plugins.
Preloading 0 native plugins for Editor in 0.00 ms.
Unloading 1090 Unused Serialized files (Serialized files now loaded: 0)
System memory in use before: 125.3 MB.
System memory in use after: 125.3 MB.

Unloading 5 unused Assets to reduce memory usage. Loaded Objects now: 1592.
Total: 1.808558 ms (FindLiveObjects: 0.173572 ms CreateObjectMapping: 0.054659 ms MarkObjects: 1.525835 ms  DeleteObjects: 0.052282 ms)

========================================================================
Received Import Request.
  Time since last request: 3852.578545 seconds.
  path: Assets/PlayerManager.cs
  artifactKey: Guid(d68a4632b46fd4bf0aab8f8c1a9aee42) Importer(815301076,1909f56bfc062723c751e8b465ee728b)
Start importing Assets/PlayerManager.cs using Guid(d68a4632b46fd4bf0aab8f8c1a9aee42) Importer(815301076,1909f56bfc062723c751e8b465ee728b)  -> (artifact id: 'a2646b630281413bb9e0538e43558251') in 0.008733 seconds
  Import took 0.011006 seconds .

========================================================================
Received Prepare
Registering precompiled user dll's ...
Registered in 0.000474 seconds.
Begin MonoManager ReloadAssembly
Native extension for OSXStandalone target not found
Refreshing native plugins compatible for Editor in 0.18 ms, found 1 plugins.
Preloading 0 native plugins for Editor in 0.00 ms.
Invoked RoslynAnalysisRunner static constructor.
RoslynAnalysisRunner will not be running.
RoslynAnalysisRunner has terminated.
Mono: successfully reloaded assembly
- Completed reload, in  0.847 seconds
Platform modules already initialized, skipping
Refreshing native plugins compatible for Editor in 0.18 ms, found 1 plugins.
Preloading 0 native plugins for Editor in 0.00 ms.
Unloading 1090 Unused Serialized files (Serialized files now loaded: 0)
System memory in use before: 126.0 MB.
System memory in use after: 126.0 MB.

Unloading 5 unused Assets to reduce memory usage. Loaded Objects now: 1594.
Total: 1.630014 ms (FindLiveObjects: 0.245280 ms CreateObjectMapping: 0.056528 ms MarkObjects: 1.271282 ms  DeleteObjects: 0.055113 ms)

========================================================================
Received Prepare
Registering precompiled user dll's ...
Registered in 0.000620 seconds.
Begin MonoManager ReloadAssembly
Native extension for OSXStandalone target not found
Refreshing native plugins compatible for Editor in 0.18 ms, found 1 plugins.
Preloading 0 native plugins for Editor in 0.00 ms.
Invoked RoslynAnalysisRunner static constructor.
RoslynAnalysisRunner will not be running.
RoslynAnalysisRunner has terminated.
Mono: successfully reloaded assembly
- Completed reload, in  0.842 seconds
Platform modules already initialized, skipping
Refreshing native plugins compatible for Editor in 0.18 ms, found 1 plugins.
Preloading 0 native plugins for Editor in 0.00 ms.
Unloading 1090 Unused Serialized files (Serialized files now loaded: 0)
System memory in use before: 126.2 MB.
System memory in use after: 126.3 MB.

Unloading 5 unused Assets to reduce memory usage. Loaded Objects now: 1596.
Total: 1.590961 ms (FindLiveObjects: 0.237848 ms CreateObjectMapping: 0.051273 ms MarkObjects: 1.247349 ms  DeleteObjects: 0.053345 ms)

========================================================================
Received Import Request.
  Time since last request: 541.755761 seconds.
  path: Assets/PlayerManager.cs
  artifactKey: Guid(d68a4632b46fd4bf0aab8f8c1a9aee42) Importer(815301076,1909f56bfc062723c751e8b465ee728b)
Start importing Assets/PlayerManager.cs using Guid(d68a4632b46fd4bf0aab8f8c1a9aee42) Importer(815301076,1909f56bfc062723c751e8b465ee728b)  -> (artifact id: '46dc26aa206611f7df33badd1e0516d2') in 0.005703 seconds
  Import took 0.007473 seconds .

========================================================================
Received Prepare
Registering precompiled user dll's ...
Registered in 0.000521 seconds.
Begin MonoManager ReloadAssembly
Native extension for OSXStandalone target not found
Refreshing native plugins compatible for Editor in 0.18 ms, found 1 plugins.
Preloading 0 native plugins for Editor in 0.00 ms.
Invoked RoslynAnalysisRunner static constructor.
RoslynAnalysisRunner will not be running.
RoslynAnalysisRunner has terminated.
Mono: successfully reloaded assembly
- Completed reload, in  0.883 seconds
Platform modules already initialized, skipping
Refreshing native plugins compatible for Editor in 0.20 ms, found 1 plugins.
Preloading 0 native plugins for Editor in 0.00 ms.
Unloading 1090 Unused Serialized files (Serialized files now loaded: 0)
System memory in use before: 125.7 MB.
System memory in use after: 125.8 MB.

Unloading 5 unused Assets to reduce memory usage. Loaded Objects now: 1598.
Total: 1.462690 ms (FindLiveObjects: 0.169678 ms CreateObjectMapping: 0.052012 ms MarkObjects: 1.184349 ms  DeleteObjects: 0.054858 ms)

========================================================================
Received Import Request.
  Time since last request: 305.464150 seconds.
  path: Assets/PlayerManager.cs
  artifactKey: Guid(d68a4632b46fd4bf0aab8f8c1a9aee42) Importer(815301076,1909f56bfc062723c751e8b465ee728b)
Start importing Assets/PlayerManager.cs using Guid(d68a4632b46fd4bf0aab8f8c1a9aee42) Importer(815301076,1909f56bfc062723c751e8b465ee728b)  -> (artifact id: '03f480cf52b0beb4f17770952ce1fb88') in 0.006685 seconds
  Import took 0.009238 seconds .

========================================================================
Received Import Request.
  Time since last request: 8.776901 seconds.
  path: Assets/Player.cs
  artifactKey: Guid(d68a4632b46fd4bf0aab8f8c1a9aee42) Importer(815301076,1909f56bfc062723c751e8b465ee728b)
Start importing Assets/Player.cs using Guid(d68a4632b46fd4bf0aab8f8c1a9aee42) Importer(815301076,1909f56bfc062723c751e8b465ee728b)  -> (artifact id: 'ea0856d6b19ca13c2f181ee50a629ff5') in 0.003923 seconds
  Import took 0.006096 seconds .

========================================================================
Received Prepare
Registering precompiled user dll's ...
Registered in 0.000614 seconds.
Begin MonoManager ReloadAssembly
Native extension for OSXStandalone target not found
Refreshing native plugins compatible for Editor in 0.19 ms, found 1 plugins.
Preloading 0 native plugins for Editor in 0.00 ms.
Invoked RoslynAnalysisRunner static constructor.
RoslynAnalysisRunner will not be running.
RoslynAnalysisRunner has terminated.
Mono: successfully reloaded assembly
- Completed reload, in  1.158 seconds
Platform modules already initialized, skipping
Refreshing native plugins compatible for Editor in 0.19 ms, found 1 plugins.
Preloading 0 native plugins for Editor in 0.00 ms.
Unloading 1090 Unused Serialized files (Serialized files now loaded: 0)
System memory in use before: 126.1 MB.
System memory in use after: 126.2 MB.

Unloading 5 unused Assets to reduce memory usage. Loaded Objects now: 1600.
Total: 2.096807 ms (FindLiveObjects: 0.224461 ms CreateObjectMapping: 0.052394 ms MarkObjects: 1.763938 ms  DeleteObjects: 0.053852 ms)

========================================================================
Received Prepare
Registering precompiled user dll's ...
Registered in 0.000453 seconds.
Begin MonoManager ReloadAssembly
Native extension for OSXStandalone target not found
Refreshing native plugins compatible for Editor in 0.53 ms, found 1 plugins.
Preloading 0 native plugins for Editor in 0.00 ms.
Invoked RoslynAnalysisRunner static constructor.
RoslynAnalysisRunner will not be running.
RoslynAnalysisRunner has terminated.
Mono: successfully reloaded assembly
- Completed reload, in  0.989 seconds
Platform modules already initialized, skipping
Refreshing native plugins compatible for Editor in 0.21 ms, found 1 plugins.
Preloading 0 native plugins for Editor in 0.00 ms.
Unloading 1090 Unused Serialized files (Serialized files now loaded: 0)
System memory in use before: 126.5 MB.
System memory in use after: 126.5 MB.

Unloading 5 unused Assets to reduce memory usage. Loaded Objects now: 1602.
Total: 3.093081 ms (FindLiveObjects: 0.521463 ms CreateObjectMapping: 0.135276 ms MarkObjects: 2.300598 ms  DeleteObjects: 0.130773 ms)

========================================================================
Received Import Request.
  Time since last request: 353.582749 seconds.
  path: Assets/Player.cs
  artifactKey: Guid(d68a4632b46fd4bf0aab8f8c1a9aee42) Importer(815301076,1909f56bfc062723c751e8b465ee728b)
Start importing Assets/Player.cs using Guid(d68a4632b46fd4bf0aab8f8c1a9aee42) Importer(815301076,1909f56bfc062723c751e8b465ee728b)  -> (artifact id: 'b5bd3559066108c099e7ca1664459494') in 0.008652 seconds
  Import took 0.011796 seconds .

========================================================================
Received Prepare
Registering precompiled user dll's ...
Registered in 0.000518 seconds.
Begin MonoManager ReloadAssembly
Native extension for OSXStandalone target not found
Refreshing native plugins compatible for Editor in 0.19 ms, found 1 plugins.
Preloading 0 native plugins for Editor in 0.00 ms.
Invoked RoslynAnalysisRunner static constructor.
RoslynAnalysisRunner will not be running.
RoslynAnalysisRunner has terminated.
Mono: successfully reloaded assembly
- Completed reload, in  1.307 seconds
Platform modules already initialized, skipping
Refreshing native plugins compatible for Editor in 0.53 ms, found 1 plugins.
Preloading 0 native plugins for Editor in 0.00 ms.
Unloading 1090 Unused Serialized files (Serialized files now loaded: 0)
System memory in use before: 126.8 MB.
System memory in use after: 126.9 MB.

Unloading 5 unused Assets to reduce memory usage. Loaded Objects now: 1604.
Total: 3.207956 ms (FindLiveObjects: 0.568083 ms CreateObjectMapping: 0.075154 ms MarkObjects: 2.465172 ms  DeleteObjects: 0.088464 ms)

========================================================================
Received Import Request.
  Time since last request: 173.440173 seconds.
  path: Assets/Player.cs
  artifactKey: Guid(d68a4632b46fd4bf0aab8f8c1a9aee42) Importer(815301076,1909f56bfc062723c751e8b465ee728b)
Start importing Assets/Player.cs using Guid(d68a4632b46fd4bf0aab8f8c1a9aee42) Importer(815301076,1909f56bfc062723c751e8b465ee728b)  -> (artifact id: '7fda89e4689763364db4f928102fbfae') in 0.010868 seconds
  Import took 0.013168 seconds .

========================================================================
Received Prepare
Registering precompiled user dll's ...
Registered in 0.000415 seconds.
Begin MonoManager ReloadAssembly
Native extension for OSXStandalone target not found
Refreshing native plugins compatible for Editor in 0.19 ms, found 1 plugins.
Preloading 0 native plugins for Editor in 0.00 ms.
Invoked RoslynAnalysisRunner static constructor.
RoslynAnalysisRunner will not be running.
RoslynAnalysisRunner has terminated.
Mono: successfully reloaded assembly
- Completed reload, in  0.970 seconds
Platform modules already initialized, skipping
Refreshing native plugins compatible for Editor in 0.19 ms, found 1 plugins.
Preloading 0 native plugins for Editor in 0.00 ms.
Unloading 1090 Unused Serialized files (Serialized files now loaded: 0)
System memory in use before: 127.1 MB.
System memory in use after: 127.2 MB.

Unloading 5 unused Assets to reduce memory usage. Loaded Objects now: 1606.
Total: 2.768612 ms (FindLiveObjects: 0.302361 ms CreateObjectMapping: 0.205589 ms MarkObjects: 2.202922 ms  DeleteObjects: 0.051086 ms)

========================================================================
Received Prepare
Registering precompiled user dll's ...
Registered in 0.000409 seconds.
Begin MonoManager ReloadAssembly
Native extension for OSXStandalone target not found
Refreshing native plugins compatible for Editor in 0.18 ms, found 1 plugins.
Preloading 0 native plugins for Editor in 0.00 ms.
Invoked RoslynAnalysisRunner static constructor.
RoslynAnalysisRunner will not be running.
RoslynAnalysisRunner has terminated.
Mono: successfully reloaded assembly
- Completed reload, in  1.171 seconds
Platform modules already initialized, skipping
Refreshing native plugins compatible for Editor in 0.26 ms, found 1 plugins.
Preloading 0 native plugins for Editor in 0.00 ms.
Unloading 1090 Unused Serialized files (Serialized files now loaded: 0)
System memory in use before: 126.6 MB.
System memory in use after: 126.6 MB.

Unloading 5 unused Assets to reduce memory usage. Loaded Objects now: 1608.
Total: 1.725062 ms (FindLiveObjects: 0.396252 ms CreateObjectMapping: 0.047695 ms MarkObjects: 1.228942 ms  DeleteObjects: 0.048742 ms)

========================================================================
Received Prepare
Registering precompiled user dll's ...
Registered in 0.000396 seconds.
Begin MonoManager ReloadAssembly
Native extension for OSXStandalone target not found
Refreshing native plugins compatible for Editor in 0.18 ms, found 1 plugins.
Preloading 0 native plugins for Editor in 0.00 ms.
Invoked RoslynAnalysisRunner static constructor.
RoslynAnalysisRunner will not be running.
RoslynAnalysisRunner has terminated.
Mono: successfully reloaded assembly
- Completed reload, in  0.947 seconds
Platform modules already initialized, skipping
Refreshing native plugins compatible for Editor in 0.19 ms, found 1 plugins.
Preloading 0 native plugins for Editor in 0.00 ms.
Unloading 1090 Unused Serialized files (Serialized files now loaded: 0)
System memory in use before: 126.9 MB.
System memory in use after: 127.0 MB.

Unloading 5 unused Assets to reduce memory usage. Loaded Objects now: 1610.
Total: 2.334943 ms (FindLiveObjects: 0.251352 ms CreateObjectMapping: 0.074548 ms MarkObjects: 1.932232 ms  DeleteObjects: 0.074725 ms)

========================================================================
Received Prepare
Registering precompiled user dll's ...
Registered in 0.000398 seconds.
Begin MonoManager ReloadAssembly
Native extension for OSXStandalone target not found
Refreshing native plugins compatible for Editor in 0.21 ms, found 1 plugins.
Preloading 0 native plugins for Editor in 0.00 ms.
Invoked RoslynAnalysisRunner static constructor.
RoslynAnalysisRunner will not be running.
RoslynAnalysisRunner has terminated.
Mono: successfully reloaded assembly
- Completed reload, in  0.860 seconds
Platform modules already initialized, skipping
Refreshing native plugins compatible for Editor in 0.21 ms, found 1 plugins.
Preloading 0 native plugins for Editor in 0.00 ms.
Unloading 1090 Unused Serialized files (Serialized files now loaded: 0)
System memory in use before: 127.3 MB.
System memory in use after: 127.4 MB.

Unloading 5 unused Assets to reduce memory usage. Loaded Objects now: 1612.
Total: 2.215249 ms (FindLiveObjects: 0.224782 ms CreateObjectMapping: 0.064586 ms MarkObjects: 1.865030 ms  DeleteObjects: 0.058634 ms)

