Using pre-set license

 COMMAND LINE ARGUMENTS:
/Applications/Unity/Hub/Editor/2020.2.1f1/Unity.app/Contents/MacOS/Unity
-adb2
-batchMode
-noUpm
-name
AssetImportWorker0
-projectPath
/Users/fm/ブロック崩し
-logFile
Logs/AssetImportWorker0.log
-srvPort
56506
Successfully changed project path to: /Users/fm/ブロック崩し
/Users/fm/ブロック崩し
Using Asset Import Pipeline V2.
Refreshing native plugins compatible for Editor in 20.49 ms, found 1 plugins.
Preloading 0 native plugins for Editor in 0.00 ms.
Initialize engine version: 2020.2.1f1 (270dd8c3da1c)
[Subsystems] Discovering subsystems at path /Applications/Unity/Hub/Editor/2020.2.1f1/Unity.app/Contents/Resources/UnitySubsystems
[Subsystems] Discovering subsystems at path /Users/fm/ブロック崩し/Assets
GfxDevice: creating device client; threaded=0
2020-12-25 08:55:17.313 Unity[30446:468442] Color LCD preferred device: Intel(R) Iris(TM) Plus Graphics (low power)
2020-12-25 08:55:17.313 Unity[30446:468442] Metal devices available: 1
2020-12-25 08:55:17.313 Unity[30446:468442] 0: Intel(R) Iris(TM) Plus Graphics (low power)
2020-12-25 08:55:17.313 Unity[30446:468442] Using device Intel(R) Iris(TM) Plus Graphics (low power)
Initializing Metal device caps: Intel(R) Iris(TM) Plus Graphics
Initialize mono
Mono path[0] = '/Applications/Unity/Hub/Editor/2020.2.1f1/Unity.app/Contents/Managed'
Mono path[1] = '/Applications/Unity/Hub/Editor/2020.2.1f1/Unity.app/Contents/MonoBleedingEdge/lib/mono/unityjit'
Mono config path = '/Applications/Unity/Hub/Editor/2020.2.1f1/Unity.app/Contents/MonoBleedingEdge/etc'
Using monoOptions --debugger-agent=transport=dt_socket,embedding=1,server=y,suspend=n,address=127.0.0.1:56446
Begin MonoManager ReloadAssembly
Registering precompiled unity dll's ...
Register platform support module: /Applications/Unity/Hub/Editor/2020.2.1f1/Unity.app/Contents/PlaybackEngines/MacStandaloneSupport/UnityEditor.OSXStandalone.Extensions.dll
Registered in 0.000500 seconds.
Native extension for OSXStandalone target not found
Refreshing native plugins compatible for Editor in 22.01 ms, found 1 plugins.
Preloading 0 native plugins for Editor in 0.00 ms.
Invoked RoslynAnalysisRunner static constructor.
RoslynAnalysisRunner will not be running.
RoslynAnalysisRunner has terminated.
Mono: successfully reloaded assembly
- Completed reload, in  1.234 seconds
Platform modules already initialized, skipping
Registering precompiled user dll's ...
Registered in 0.000411 seconds.
Begin MonoManager ReloadAssembly
Native extension for OSXStandalone target not found
Refreshing native plugins compatible for Editor in 0.18 ms, found 1 plugins.
Preloading 0 native plugins for Editor in 0.00 ms.
Invoked RoslynAnalysisRunner static constructor.
RoslynAnalysisRunner will not be running.
RoslynAnalysisRunner has terminated.
Mono: successfully reloaded assembly
- Completed reload, in  0.903 seconds
Platform modules already initialized, skipping
========================================================================
Worker process is ready to serve import requests
Launching external process: /Applications/Unity/Hub/Editor/2020.2.1f1/Unity.app/Contents/Tools/UnityShaderCompiler
Launched and connected shader compiler UnityShaderCompiler after 0.02 seconds
Refreshing native plugins compatible for Editor in 0.23 ms, found 1 plugins.
Preloading 0 native plugins for Editor in 0.00 ms.
Unloading 1094 Unused Serialized files (Serialized files now loaded: 0)
System memory in use before: 105.0 MB.
System memory in use after: 105.1 MB.

Unloading 10 unused Assets to reduce memory usage. Loaded Objects now: 1533.
Total: 2.708582 ms (FindLiveObjects: 0.260689 ms CreateObjectMapping: 0.070384 ms MarkObjects: 2.284042 ms  DeleteObjects: 0.084692 ms)

========================================================================
Received Import Request.
  path: ProjectSettings/TagManager.asset
  artifactKey: Guid(00000000000000003000000000000000) Importer(815301076,1909f56bfc062723c751e8b465ee728b)
Start importing ProjectSettings/TagManager.asset using Guid(00000000000000003000000000000000) Importer(815301076,1909f56bfc062723c751e8b465ee728b)  -> (artifact id: '8988b340c206bb1d98ca0d47b0266d3b') in 0.347281 seconds
  Import took 0.350119 seconds .

========================================================================
Received Prepare
Registering precompiled user dll's ...
Registered in 0.000471 seconds.
Begin MonoManager ReloadAssembly
Native extension for OSXStandalone target not found
Refreshing native plugins compatible for Editor in 0.18 ms, found 1 plugins.
Preloading 0 native plugins for Editor in 0.00 ms.
Invoked RoslynAnalysisRunner static constructor.
RoslynAnalysisRunner will not be running.
RoslynAnalysisRunner has terminated.
Mono: successfully reloaded assembly
- Completed reload, in  0.896 seconds
Platform modules already initialized, skipping
Refreshing native plugins compatible for Editor in 0.17 ms, found 1 plugins.
Preloading 0 native plugins for Editor in 0.00 ms.
Unloading 1089 Unused Serialized files (Serialized files now loaded: 0)
System memory in use before: 109.7 MB.
System memory in use after: 109.7 MB.

Unloading 6 unused Assets to reduce memory usage. Loaded Objects now: 1535.
Total: 2.010468 ms (FindLiveObjects: 0.242726 ms CreateObjectMapping: 0.055282 ms MarkObjects: 1.629170 ms  DeleteObjects: 0.081218 ms)

========================================================================
Received Prepare
Registering precompiled user dll's ...
Registered in 0.000414 seconds.
Begin MonoManager ReloadAssembly
Native extension for OSXStandalone target not found
Refreshing native plugins compatible for Editor in 0.19 ms, found 1 plugins.
Preloading 0 native plugins for Editor in 0.00 ms.
Invoked RoslynAnalysisRunner static constructor.
RoslynAnalysisRunner will not be running.
RoslynAnalysisRunner has terminated.
Mono: successfully reloaded assembly
- Completed reload, in  1.138 seconds
Platform modules already initialized, skipping
Refreshing native plugins compatible for Editor in 0.20 ms, found 1 plugins.
Preloading 0 native plugins for Editor in 0.00 ms.
Unloading 1089 Unused Serialized files (Serialized files now loaded: 0)
System memory in use before: 109.9 MB.
System memory in use after: 110.0 MB.

Unloading 5 unused Assets to reduce memory usage. Loaded Objects now: 1537.
Total: 1.302662 ms (FindLiveObjects: 0.129005 ms CreateObjectMapping: 0.034585 ms MarkObjects: 1.093259 ms  DeleteObjects: 0.044725 ms)

========================================================================
Received Import Request.
  Time since last request: 782.900542 seconds.
  path: Assets/Scenes/SampleScene.scenetemplate
  artifactKey: Guid(4df47d0170f024e4599326fc242c559b) Importer(815301076,1909f56bfc062723c751e8b465ee728b)
Start importing Assets/Scenes/SampleScene.scenetemplate using Guid(4df47d0170f024e4599326fc242c559b) Importer(815301076,1909f56bfc062723c751e8b465ee728b)  -> (artifact id: '79c136d2fbe4b63e83615a7c122f420a') in 0.174899 seconds
  Import took 0.177837 seconds .

========================================================================
Received Import Request.
  Time since last request: 3.679298 seconds.
  path: Assets/Scenes/SampleScene.unity
  artifactKey: Guid(9fc0d4010bbf28b4594072e72b8655ab) Importer(815301076,1909f56bfc062723c751e8b465ee728b)
Start importing Assets/Scenes/SampleScene.unity using Guid(9fc0d4010bbf28b4594072e72b8655ab) Importer(815301076,1909f56bfc062723c751e8b465ee728b)  -> (artifact id: '016640421bf54ce873cbc7b610fdb87c') in 0.001133 seconds
  Import took 0.003993 seconds .

========================================================================
Received Import Request.
  Time since last request: 647.319158 seconds.
  path: Assets/Scenes
  artifactKey: Guid(7e88b02fc67a84083ba44dc1a50277d7) Importer(815301076,1909f56bfc062723c751e8b465ee728b)
Start importing Assets/Scenes using Guid(7e88b02fc67a84083ba44dc1a50277d7) Importer(815301076,1909f56bfc062723c751e8b465ee728b)  -> (artifact id: 'e9a972362628c03a8cf3f62f13831627') in 0.001474 seconds
  Import took 0.004834 seconds .

========================================================================
Received Import Request.
  Time since last request: 40.433355 seconds.
  path: Assets/Scenes/Player.mat
  artifactKey: Guid(841de4b684d3349bfa08a7c7107587e5) Importer(815301076,1909f56bfc062723c751e8b465ee728b)
Start importing Assets/Scenes/Player.mat using Guid(841de4b684d3349bfa08a7c7107587e5) Importer(815301076,1909f56bfc062723c751e8b465ee728b)  -> (artifact id: '6fcd224f73b5d4671348bc2eef4d8948') in 0.476545 seconds
  Import took 0.479107 seconds .

========================================================================
Received Import Request.
  Time since last request: 394.399917 seconds.
  path: Assets/Scenes/Block.mat
  artifactKey: Guid(dc8b471e6332742b49ec20f06066ff8d) Importer(815301076,1909f56bfc062723c751e8b465ee728b)
Start importing Assets/Scenes/Block.mat using Guid(dc8b471e6332742b49ec20f06066ff8d) Importer(815301076,1909f56bfc062723c751e8b465ee728b)  -> (artifact id: '754f0cc60b7f164bdd8ef95be3b8846c') in 0.012471 seconds
  Import took 0.015452 seconds .

